<?xml version="1.0" encoding="UTF-8"?>
<!-- Generated by org.testng.reporters.JUnitReportReporter -->
<testsuite hostname="DESKTOP-6FQQ1FF" failures="0" tests="4" name="com.facebook.locators.DirectLocators" time="2.352" errors="0" timestamp="2023-10-03T23:57:32 EDT" skipped="0">
  <testcase classname="com.facebook.locators.DirectLocators" name="passWord" time="0.220"/>
  <system-out/>
  <testcase classname="com.facebook.locators.DirectLocators" name="partialLinkText" time="1.775"/>
  <system-out/>
  <testcase classname="com.facebook.locators.DirectLocators" name="login" time="0.164"/>
  <system-out/>
  <testcase classname="com.facebook.locators.DirectLocators" name="userName" time="0.193"/>
  <system-out/>
</testsuite> <!-- com.facebook.locators.DirectLocators -->
