<?xml version="1.0" encoding="UTF-8"?>
<!-- Generated by org.testng.reporters.JUnitReportReporter -->
<testsuite hostname="DESKTOP-6FQQ1FF" failures="0" tests="1" name="com.facebook.base.BaseTest" time="7.847" errors="0" timestamp="2023-10-04T17:57:39 EDT" skipped="0">
  <testcase classname="com.facebook.base.BaseTest" name="openFacebook" time="7.847"/>
  <system-out/>
</testsuite> <!-- com.facebook.base.BaseTest -->
