<?xml version="1.0" encoding="UTF-8"?>
<!-- Generated by org.testng.reporters.JUnitReportReporter -->
<testsuite hostname="DESKTOP-6FQQ1FF" failures="0" tests="1" name="com.facebook.baseLoginTest.LoginTest" time="8.026" errors="0" timestamp="2023-10-04T23:16:27 EDT" skipped="0">
  <testcase classname="com.facebook.baseLoginTest.LoginTest" name="validLoginTest" time="8.026"/>
  <system-out/>
</testsuite> <!-- com.facebook.baseLoginTest.LoginTest -->
