<?xml version="1.0" encoding="UTF-8"?>
<!-- Generated by org.testng.reporters.JUnitReportReporter -->
<testsuite hostname="DESKTOP-6FQQ1FF" failures="0" tests="1" name="com.facebook.pageObjectModel_LoginTest1.LoginTest" time="5.142" errors="0" timestamp="2023-10-04T01:52:09 EDT" skipped="0">
  <testcase classname="com.facebook.pageObjectModel_LoginTest1.LoginTest" name="loginTest" time="5.142"/>
  <system-out/>
</testsuite> <!-- com.facebook.pageObjectModel_LoginTest1.LoginTest -->
