<?xml version="1.0" encoding="UTF-8"?>
<!-- Generated by org.testng.reporters.JUnitReportReporter -->
<testsuite hostname="DESKTOP-6FQQ1FF" failures="0" tests="1" name="com.facebook.baseLoginTest.InValidLoginTest" time="6.265" errors="0" timestamp="2023-10-04T18:52:16 EDT" skipped="0">
  <testcase classname="com.facebook.baseLoginTest.InValidLoginTest" name="validLoginTest" time="6.265"/>
  <system-out/>
</testsuite> <!-- com.facebook.baseLoginTest.InValidLoginTest -->
