<?xml version="1.0" encoding="UTF-8"?>
<!-- Generated by org.testng.reporters.JUnitReportReporter -->
<testsuite hostname="DESKTOP-6FQQ1FF" failures="0" tests="2" name="com.facbook.pageFactory.LoginTestWithPageFactory" time="9.979" errors="0" timestamp="2023-10-04T13:34:50 EDT" skipped="0">
  <testcase classname="com.facbook.pageFactory.LoginTestWithPageFactory" name="validLoginTest" time="6.084"/>
  <system-out/>
  <testcase classname="com.facbook.pageFactory.LoginTestWithPageFactory" name="invalidLoginTest" time="3.895"/>
  <system-out/>
</testsuite> <!-- com.facbook.pageFactory.LoginTestWithPageFactory -->
