<?xml version="1.0" encoding="UTF-8"?>
<!-- Generated by org.testng.reporters.JUnitReportReporter -->
<testsuite hostname="DESKTOP-6FQQ1FF" failures="0" tests="1" name="com.facbook.registrationTests.RegistrationTest" time="11.419" errors="0" timestamp="2023-10-10T00:47:19 EDT" skipped="0">
  <testcase classname="com.facbook.registrationTests.RegistrationTest" name="createRegistrationTest" time="11.419"/>
  <system-out/>
</testsuite> <!-- com.facbook.registrationTests.RegistrationTest -->
