<?xml version="1.0" encoding="UTF-8"?>
<!-- Generated by org.testng.reporters.JUnitReportReporter -->
<testsuite hostname="DESKTOP-6FQQ1FF" failures="0" tests="1" name="com.facebook.pageObjectModel_LoginTest.LoginTest1" time="8.760" errors="0" timestamp="2023-10-04T12:41:37 EDT" skipped="0">
  <testcase classname="com.facebook.pageObjectModel_LoginTest.LoginTest1" name="validLoginTest" time="8.760"/>
  <system-out/>
</testsuite> <!-- com.facebook.pageObjectModel_LoginTest.LoginTest1 -->
