<?xml version="1.0" encoding="UTF-8"?>
<!-- Generated by org.testng.reporters.JUnitReportReporter -->
<testsuite hostname="DESKTOP-6FQQ1FF" failures="0" tests="2" name="com.facebook.base.ClientTest" time="5.576" errors="0" timestamp="2023-10-04T17:58:23 EDT" skipped="0">
  <testcase classname="com.facebook.base.ClientTest" name="openApp" time="0.010"/>
  <system-out/>
  <testcase classname="com.facebook.base.ClientTest" name="openFacebook" time="5.566"/>
  <system-out/>
</testsuite> <!-- com.facebook.base.ClientTest -->
